<?xml version="1.0" encoding="UTF-8"?>
<!-- Generated by org.testng.reporters.JUnitReportReporter -->
<testsuite hostname="LAPTOP-74RFISKR" failures="0" tests="2" name="qaclickacademy.Mavenjava.RestApiTest" time="0.001" errors="0" timestamp="2022-06-07T11:59:21 IST" skipped="0">
  <testcase classname="qaclickacademy.Mavenjava.RestApiTest" name="postJiraTest" time="0.000"/>
  <system-out/>
  <testcase classname="qaclickacademy.Mavenjava.RestApiTest" name="deleteTwitterTest" time="0.001"/>
  <system-out/>
</testsuite> <!-- qaclickacademy.Mavenjava.RestApiTest -->
